TN:
SF:src\app.ts
FNF:0
FNH:0
DA:1,1
DA:2,1
DA:3,1
DA:4,1
DA:5,1
DA:6,1
DA:7,1
DA:8,1
DA:9,1
DA:10,1
DA:11,1
DA:12,1
DA:13,1
DA:14,1
LF:14
LH:14
BRF:0
BRH:0
end_of_record
TN:
SF:src\setup.ts
FNF:0
FNH:0
DA:1,1
DA:2,1
LF:2
LH:2
BRF:0
BRH:0
end_of_record
TN:
SF:src\config\database.ts
FNF:0
FNH:0
DA:1,1
DA:2,1
DA:3,1
DA:4,1
LF:4
LH:4
BRF:0
BRH:0
end_of_record
TN:
SF:src\controllers\appointment.controller.ts
FN:4,insert
FN:11,getTodayAppointments
FN:17,getDayAppointments
FN:24,updateAppointment
FN:32,deleteAppointment
FN:39,getAppointmentById
FN:46,getByMonthAndYear
FNF:7
FNH:0
FNDA:0,insert
FNDA:0,getTodayAppointments
FNDA:0,getDayAppointments
FNDA:0,updateAppointment
FNDA:0,deleteAppointment
FNDA:0,getAppointmentById
FNDA:0,getByMonthAndYear
DA:1,1
DA:2,1
DA:3,1
DA:4,1
DA:5,0
DA:6,0
DA:7,0
DA:8,0
DA:9,0
DA:10,1
DA:11,1
DA:12,0
DA:13,0
DA:14,0
DA:15,0
DA:16,1
DA:17,1
DA:18,0
DA:19,0
DA:20,0
DA:21,0
DA:22,0
DA:23,1
DA:24,1
DA:25,0
DA:26,0
DA:27,0
DA:28,0
DA:29,0
DA:30,0
DA:31,1
DA:32,1
DA:33,0
DA:34,0
DA:35,0
DA:36,0
DA:37,0
DA:38,1
DA:39,1
DA:40,0
DA:41,0
DA:42,0
DA:43,0
DA:44,0
DA:45,1
DA:46,1
DA:47,0
DA:48,0
DA:49,0
DA:50,0
DA:51,0
LF:51
LH:16
BRF:0
BRH:0
end_of_record
TN:
SF:src\controllers\auth.controller.ts
FN:4,register
FN:10,login
FNF:2
FNH:2
FNDA:4,register
FNDA:2,login
DA:1,1
DA:2,1
DA:3,1
DA:4,1
DA:5,4
DA:6,4
DA:7,3
DA:8,3
DA:9,1
DA:10,1
DA:11,2
DA:12,2
DA:13,1
DA:14,1
LF:14
LH:14
BRDA:4,0,0,4
BRDA:4,1,0,4
BRDA:7,2,0,3
BRDA:10,3,0,2
BRDA:10,4,0,2
BRDA:13,5,0,1
BRF:6
BRH:6
end_of_record
TN:
SF:src\middlewares\errorHandler.ts
FN:8,errorHandler
FNF:1
FNH:1
FNDA:2,errorHandler
DA:1,1
DA:2,1
DA:3,1
DA:4,1
DA:5,1
DA:6,1
DA:7,1
DA:8,1
DA:9,2
DA:10,0
DA:11,0
DA:12,0
DA:13,0
DA:14,2
DA:15,2
DA:16,1
DA:17,1
DA:18,1
DA:19,1
DA:20,1
DA:21,1
DA:22,1
DA:23,1
DA:24,1
DA:25,1
DA:26,0
DA:27,0
DA:28,0
DA:29,0
DA:30,0
DA:31,0
DA:32,0
DA:33,0
DA:34,0
DA:35,0
DA:36,0
LF:36
LH:21
BRDA:8,0,0,2
BRDA:9,1,0,0
BRDA:15,2,0,1
BRDA:26,3,0,0
BRF:4
BRH:2
end_of_record
TN:
SF:src\middlewares\validateDate.ts
FN:7,validateDate
FNF:1
FNH:0
FNDA:0,validateDate
DA:1,1
DA:2,1
DA:3,1
DA:4,1
DA:5,1
DA:6,1
DA:7,1
DA:8,0
DA:9,0
DA:10,0
DA:11,0
DA:12,0
DA:13,0
DA:14,0
DA:15,0
DA:16,0
DA:17,0
LF:17
LH:7
BRF:0
BRH:0
end_of_record
TN:
SF:src\middlewares\validateSchema.ts
FN:4,validateSchema
FNF:1
FNH:1
FNDA:4,validateSchema
DA:1,1
DA:2,1
DA:3,1
DA:4,1
DA:5,4
DA:6,8
DA:7,8
DA:8,2
DA:9,2
DA:10,6
DA:11,4
DA:12,4
LF:12
LH:12
BRDA:4,0,0,4
BRDA:5,1,0,8
BRDA:7,2,0,2
BRDA:10,3,0,6
BRF:4
BRH:4
end_of_record
TN:
SF:src\middlewares\validateToken.ts
FN:5,validateToken
FNF:1
FNH:0
FNDA:0,validateToken
DA:1,1
DA:2,1
DA:3,1
DA:4,1
DA:5,1
DA:6,0
DA:7,0
DA:8,0
DA:9,0
DA:10,0
DA:11,0
DA:12,0
DA:13,0
DA:14,0
DA:15,0
LF:15
LH:5
BRF:0
BRH:0
end_of_record
TN:
SF:src\repositories\appointment.repository.ts
FN:4,findAppointmentByDateAndUser
FN:16,findAppointmentByIdAndUser
FN:25,insert
FN:39,update
FN:56,deleteAppointment
FN:64,deleteUserAppointments
FN:72,getMonthAppointments
FNF:7
FNH:0
FNDA:0,findAppointmentByDateAndUser
FNDA:0,findAppointmentByIdAndUser
FNDA:0,insert
FNDA:0,update
FNDA:0,deleteAppointment
FNDA:0,deleteUserAppointments
FNDA:0,getMonthAppointments
DA:1,1
DA:2,1
DA:3,1
DA:4,1
DA:5,0
DA:6,0
DA:7,0
DA:8,0
DA:9,0
DA:10,0
DA:11,0
DA:12,0
DA:13,0
DA:14,0
DA:15,1
DA:16,1
DA:17,0
DA:18,0
DA:19,0
DA:20,0
DA:21,0
DA:22,0
DA:23,0
DA:24,1
DA:25,1
DA:26,0
DA:27,0
DA:28,0
DA:29,0
DA:30,0
DA:31,0
DA:32,0
DA:33,0
DA:34,0
DA:35,0
DA:36,0
DA:37,0
DA:38,1
DA:39,1
DA:40,0
DA:41,0
DA:42,0
DA:43,0
DA:44,0
DA:45,0
DA:46,0
DA:47,0
DA:48,0
DA:49,0
DA:50,0
DA:51,0
DA:52,0
DA:53,0
DA:54,0
DA:55,1
DA:56,1
DA:57,0
DA:58,0
DA:59,0
DA:60,0
DA:61,0
DA:62,0
DA:63,1
DA:64,1
DA:65,0
DA:66,0
DA:67,0
DA:68,0
DA:69,0
DA:70,0
DA:71,1
DA:72,1
DA:73,0
DA:74,0
DA:75,0
DA:76,0
DA:77,0
DA:78,0
DA:79,0
DA:80,0
DA:81,0
DA:82,0
DA:83,0
DA:84,0
DA:85,0
DA:86,1
DA:87,1
DA:88,1
DA:89,1
DA:90,1
DA:91,1
DA:92,1
DA:93,1
DA:94,1
DA:95,1
DA:96,1
LF:96
LH:27
BRF:0
BRH:0
end_of_record
TN:
SF:src\repositories\user.repository.ts
FN:4,findUserByEmail
FN:12,findUserById
FN:20,insert
FNF:3
FNH:2
FNDA:6,findUserByEmail
FNDA:0,findUserById
FNDA:3,insert
DA:1,1
DA:2,1
DA:3,1
DA:4,1
DA:5,6
DA:6,6
DA:7,6
DA:8,6
DA:9,6
DA:10,6
DA:11,1
DA:12,1
DA:13,0
DA:14,0
DA:15,0
DA:16,0
DA:17,0
DA:18,0
DA:19,1
DA:20,1
DA:21,3
DA:22,3
DA:23,3
DA:24,3
DA:25,3
DA:26,3
DA:27,3
DA:28,3
DA:29,1
DA:30,1
DA:31,1
DA:32,1
DA:33,1
DA:34,1
LF:34
LH:28
BRDA:4,0,0,6
BRDA:4,1,0,6
BRDA:20,2,0,3
BRDA:20,3,0,3
BRF:4
BRH:4
end_of_record
TN:
SF:src\routers\appointment.router.ts
FNF:0
FNH:0
DA:1,1
DA:2,1
DA:3,1
DA:4,1
DA:5,1
DA:6,1
DA:7,1
DA:8,1
DA:9,1
DA:10,1
DA:11,1
DA:12,1
DA:13,1
DA:14,1
DA:15,1
DA:16,1
DA:17,1
DA:18,1
DA:19,1
LF:19
LH:19
BRF:0
BRH:0
end_of_record
TN:
SF:src\routers\auth.router.ts
FNF:0
FNH:0
DA:1,1
DA:2,1
DA:3,1
DA:4,1
DA:5,1
DA:6,1
DA:7,1
DA:8,1
DA:9,1
DA:10,1
DA:11,1
LF:11
LH:11
BRF:0
BRH:0
end_of_record
TN:
SF:src\routers\index.ts
FNF:0
FNH:0
DA:1,1
DA:2,1
DA:3,1
DA:4,1
DA:5,1
DA:6,1
DA:7,1
DA:8,1
DA:9,1
DA:10,1
LF:10
LH:10
BRF:0
BRH:0
end_of_record
TN:
SF:src\schemas\appointment.schema.ts
FNF:0
FNH:0
DA:1,1
DA:2,1
DA:3,1
DA:4,1
DA:5,1
DA:6,1
DA:7,1
DA:8,1
DA:9,1
DA:10,1
DA:11,1
DA:12,1
DA:13,1
DA:14,1
DA:15,1
DA:16,1
DA:17,1
DA:18,1
DA:19,1
DA:20,1
DA:21,1
DA:22,1
DA:23,1
DA:24,1
DA:25,1
DA:26,1
DA:27,1
DA:28,1
DA:29,1
DA:30,1
DA:31,1
DA:32,1
DA:33,1
LF:33
LH:33
BRF:0
BRH:0
end_of_record
TN:
SF:src\schemas\auth.schema.ts
FNF:0
FNH:0
DA:1,1
DA:2,1
DA:3,1
DA:4,1
DA:5,1
DA:6,1
DA:7,1
DA:8,1
DA:9,1
DA:10,1
DA:11,1
DA:12,1
DA:13,1
DA:14,1
DA:15,1
DA:16,1
DA:17,1
DA:18,1
DA:19,1
DA:20,1
DA:21,1
DA:22,1
DA:23,1
DA:24,1
DA:25,1
DA:26,1
DA:27,1
DA:28,1
DA:29,1
DA:30,1
DA:31,1
DA:32,1
DA:33,1
DA:34,1
DA:35,1
DA:36,1
DA:37,1
DA:38,1
DA:39,1
DA:40,1
DA:41,1
LF:41
LH:41
BRF:0
BRH:0
end_of_record
TN:
SF:src\services\appointment.service.ts
FN:8,validateTime
FN:23,validateDate
FN:33,createAppointment
FN:46,getTodayAppointments
FN:51,getDayAppointments
FN:56,updateAppointment
FN:70,getAppointment
FN:81,deleteAppointment
FN:86,getByMonth
FNF:9
FNH:0
FNDA:0,validateTime
FNDA:0,validateDate
FNDA:0,createAppointment
FNDA:0,getTodayAppointments
FNDA:0,getDayAppointments
FNDA:0,updateAppointment
FNDA:0,getAppointment
FNDA:0,deleteAppointment
FNDA:0,getByMonth
DA:1,1
DA:2,1
DA:3,1
DA:4,1
DA:5,1
DA:6,1
DA:7,1
DA:8,1
DA:9,0
DA:10,0
DA:11,0
DA:12,0
DA:13,0
DA:14,0
DA:15,0
DA:16,0
DA:17,0
DA:18,0
DA:19,0
DA:20,0
DA:21,0
DA:22,1
DA:23,1
DA:24,0
DA:25,0
DA:26,0
DA:27,0
DA:28,0
DA:29,0
DA:30,0
DA:31,0
DA:32,1
DA:33,1
DA:34,0
DA:35,0
DA:36,0
DA:37,0
DA:38,0
DA:39,0
DA:40,0
DA:41,0
DA:42,0
DA:43,0
DA:44,0
DA:45,1
DA:46,1
DA:47,0
DA:48,0
DA:49,0
DA:50,1
DA:51,1
DA:52,0
DA:53,0
DA:54,0
DA:55,1
DA:56,1
DA:57,0
DA:58,0
DA:59,0
DA:60,0
DA:61,0
DA:62,0
DA:63,0
DA:64,0
DA:65,0
DA:66,0
DA:67,0
DA:68,0
DA:69,1
DA:70,1
DA:71,0
DA:72,0
DA:73,0
DA:74,0
DA:75,0
DA:76,0
DA:77,0
DA:78,0
DA:79,0
DA:80,1
DA:81,1
DA:82,0
DA:83,0
DA:84,0
DA:85,1
DA:86,1
DA:87,0
DA:88,0
DA:89,1
DA:90,1
DA:91,1
DA:92,1
DA:93,1
DA:94,1
DA:95,1
DA:96,1
DA:97,1
DA:98,1
LF:98
LH:34
BRF:0
BRH:0
end_of_record
TN:
SF:src\services\user.service.ts
FN:12,validateLogin
FN:24,createUser
FN:37,login
FNF:3
FNH:3
FNDA:2,validateLogin
FNDA:4,createUser
FNDA:2,login
DA:1,1
DA:2,1
DA:3,1
DA:4,1
DA:5,1
DA:6,1
DA:7,1
DA:8,1
DA:9,1
DA:10,1
DA:11,1
DA:12,1
DA:13,2
DA:14,2
DA:15,2
DA:16,1
DA:17,1
DA:18,1
DA:19,1
DA:20,1
DA:21,1
DA:22,1
DA:23,1
DA:24,1
DA:25,4
DA:26,4
DA:27,4
DA:28,1
DA:29,1
DA:30,1
DA:31,1
DA:32,1
DA:33,3
DA:34,3
DA:35,3
DA:36,1
DA:37,1
DA:38,2
DA:39,1
DA:40,1
DA:41,1
DA:42,1
DA:43,1
DA:44,1
DA:45,1
DA:46,1
DA:47,1
LF:47
LH:47
BRDA:12,0,0,2
BRDA:12,1,0,2
BRDA:14,2,0,1
BRDA:14,3,0,1
BRDA:15,4,0,1
BRDA:15,5,0,1
BRDA:24,6,0,4
BRDA:24,7,0,4
BRDA:27,8,0,1
BRDA:33,9,0,3
BRDA:37,10,0,2
BRDA:37,11,0,2
BRDA:39,12,0,1
BRF:13
BRH:13
end_of_record
